<?xml version="1.0" encoding="UTF-8"?>
<!-- Generated by org.testng.reporters.JUnitXMLReporter -->
<testsuite hostname="DESKTOP-0IMA24S" ignored="0" name="HC Sanity Tests" tests="5" failures="0" timestamp="02 May 2020 19:58:11 GMT" time="481.633" errors="0">
  <testcase name="NGMeteringApp_url_Test" time="10.979" classname="com.ibm.sanity.tests.NG_Metering_App_URL_Test"/>
  <testcase name="NGMeteringApp_Login_Test" time="23.548" classname="com.ibm.sanity.tests.NG_Metering_App_LoginTest"/>
  <testcase name="NGMeteringApp_LoginTest" time="49.745" classname="com.ibm.sanity.tests.NG_Metering_App_VIEW_ALL_Test"/>
  <testcase name="NGMeteringApp_SAPRainbow_Test" time="151.495" classname="com.ibm.sanity.tests.NG_Metering_App_SAP_Rainbow_Test"/>
  <testcase name="NGMeteringApp_SAPPhoenix_Test" time="57.098" classname="com.ibm.sanity.tests.NG_Metering_App_SAP_Phoenix_Test"/>
</testsuite> <!-- HC Sanity Tests -->
